<?xml version="1.0" encoding="UTF-8"?>
<!-- Generated by org.testng.reporters.JUnitXMLReporter -->
<testsuite ignored="0" hostname="QT-INBG-LT2080" failures="2" tests="5" name="Test" time="55.128" errors="0" timestamp="2022-10-17T14:54:42 IST">
  <testcase classname="mobileworld1.Signup" name="test" time="7.01"/>
  <testcase classname="mobileworld1.mobileworld" name="checkLenovo" time="0.0">
    <failure type="org.testng.TestNGException" message="
Cannot inject @Test annotated Method [checkLenovo] with [interface org.openqa.selenium.WebDriver].
For more information on native dependency injection please refer to https://testng.org/doc/documentation-main.html#native-dependency-injection">
      <![CDATA[org.testng.TestNGException: 
Cannot inject @Test annotated Method [checkLenovo] with [interface org.openqa.selenium.WebDriver].
For more information on native dependency injection please refer to https://testng.org/doc/documentation-main.html#native-dependency-injection
at java.base/java.util.ArrayList.forEach(ArrayList.java:1511)
... Removed 26 stack frames]]>
    </failure>
  </testcase> <!-- checkLenovo -->
  <testcase classname="mobileworld1.mobileworld" name="checkapple" time="0.0">
    <failure type="org.testng.TestNGException" message="
Cannot inject @Test annotated Method [checkapple] with [interface org.openqa.selenium.WebDriver].
For more information on native dependency injection please refer to https://testng.org/doc/documentation-main.html#native-dependency-injection">
      <![CDATA[org.testng.TestNGException: 
Cannot inject @Test annotated Method [checkapple] with [interface org.openqa.selenium.WebDriver].
For more information on native dependency injection please refer to https://testng.org/doc/documentation-main.html#native-dependency-injection
at java.base/java.util.ArrayList.forEach(ArrayList.java:1511)
... Removed 26 stack frames]]>
    </failure>
  </testcase> <!-- checkapple -->
  <testcase classname="mobileworld1.mobileworld" name="test" time="41.307"/>
  <testcase classname="mobileworld1.Signin" name="register" time="6.761"/>
</testsuite> <!-- Test -->
